#
# A fatal error has been detected by the Java Runtime Environment:
#
#  EXCEPTION_ACCESS_VIOLATION (0xc0000005) at pc=0x58b45c40, pid=8880, tid=13860
#
# JRE version: Java(TM) SE Runtime Environment (7.0_45-b18) (build 1.7.0_45-b18)
# Java VM: Java HotSpot(TM) Client VM (24.45-b08 mixed mode windows-x86 )
# Problematic frame:
# V  [jvm.dll+0x35c40]
#
# Failed to write core dump. Minidumps are not enabled by default on client versions of Windows
#
# If you would like to submit a bug report, please visit:
#   http://bugreport.sun.com/bugreport/crash.jsp
#

---------------  T H R E A D  ---------------

Current thread (0x04780800):  JavaThread "JDWP Transport Listener: dt_socket" daemon [_thread_in_vm, id=13860, stack(0x04cf0000,0x04d40000)]

siginfo: ExceptionCode=0xc0000005, reading address 0x00000008

Registers:
EAX=0x0f0da988, EBX=0x04780800, ECX=0x00000000, EDX=0x00000000
ESP=0x04d3f3a4, EBP=0x04d3f3a8, ESI=0x00000000, EDI=0x6dd0e15c
EIP=0x58b45c40, EFLAGS=0x00010246

Top of Stack: (sp=0x04d3f3a4)
0x04d3f3a4:   04780930 04d3f3d0 58bd1206 0f0da988
0x04d3f3b4:   6dd0e15c 04780930 6dd0e174 04780800
0x04d3f3c4:   00000000 04780930 04d3f494 6dd0e99c
0x04d3f3d4:   6dcf63b2 04780930 0f0da988 00000000
0x04d3f3e4:   04d3f408 04d3f494 04857088 04d3f444
0x04d3f3f4:   0477052c 04d3f414 6dcfbd27 04d3f414
0x04d3f404:   04d3f448 6dd0e890 6f815004 6dd12c68
0x04d3f414:   047fc608 0000000b 3f000000 00000013 

Instructions: (pc=0x58b45c40)
0x58b45c20:   8b 0d 18 1a e4 58 85 c9 7e 05 8b 0c 01 eb 02 33
0x58b45c30:   c9 8b 15 1c 1a e4 58 85 d2 7e 05 8b 04 02 eb 03
0x58b45c40:   8b 46 08 85 c0 75 0f 33 c9 50 51 e8 90 67 15 00
0x58b45c50:   83 c4 08 5e 5d c3 8d 4c 4e 0c 50 51 e8 7f 67 15 


Register to memory mapping:

EAX=
[error occurred during error reporting (printing register info), id 0xc0000005]

Stack: [0x04cf0000,0x04d40000],  sp=0x04d3f3a4,  free space=316k
Native frames: (J=compiled Java code, j=interpreted, Vv=VM code, C=native code)
V  [jvm.dll+0x35c40]
V  [jvm.dll+0xc1206]


---------------  P R O C E S S  ---------------

Java Threads: ( => current thread )
  0x0479b000 JavaThread "Service Thread" daemon [_thread_blocked, id=11860, stack(0x04eb0000,0x04f00000)]
  0x04793c00 JavaThread "C1 CompilerThread0" daemon [_thread_blocked, id=14736, stack(0x05330000,0x05380000)]
  0x04785400 JavaThread "JDWP Command Reader" daemon [_thread_in_native, id=15728, stack(0x050f0000,0x05140000)]
  0x04784400 JavaThread "JDWP Event Helper Thread" daemon [_thread_blocked, id=16372, stack(0x04e00000,0x04e50000)]
=>0x04780800 JavaThread "JDWP Transport Listener: dt_socket" daemon [_thread_in_vm, id=13860, stack(0x04cf0000,0x04d40000)]
  0x04774800 JavaThread "Attach Listener" daemon [_thread_blocked, id=15764, stack(0x04d40000,0x04d90000)]
  0x04771400 JavaThread "Signal Dispatcher" daemon [_thread_blocked, id=15760, stack(0x04db0000,0x04e00000)]
  0x04738000 JavaThread "Finalizer" daemon [_thread_blocked, id=15944, stack(0x04ca0000,0x04cf0000)]
  0x04731c00 JavaThread "Reference Handler" daemon [_thread_blocked, id=5708, stack(0x04a30000,0x04a80000)]
  0x008ed000 JavaThread "main" [_thread_blocked, id=15640, stack(0x007b0000,0x00800000)]

Other Threads:
  0x0472f800 VMThread [stack: 0x008f0000,0x00940000] [id=16188]
  0x047a5800 WatcherThread [stack: 0x05450000,0x054a0000] [id=16256]

VM state:not at safepoint (normal execution)

VM Mutex/Monitor currently owned by a thread: None

Heap
 def new generation   total 4928K, used 813K [0x0f010000, 0x0f560000, 0x14560000)
  eden space 4416K,  18% used [0x0f010000, 0x0f0db680, 0x0f460000)
  from space 512K,   0% used [0x0f460000, 0x0f460000, 0x0f4e0000)
  to   space 512K,   0% used [0x0f4e0000, 0x0f4e0000, 0x0f560000)
 tenured generation   total 10944K, used 0K [0x14560000, 0x15010000, 0x1f010000)
   the space 10944K,   0% used [0x14560000, 0x14560000, 0x14560200, 0x15010000)
 compacting perm gen  total 12288K, used 1648K [0x1f010000, 0x1fc10000, 0x23010000)
   the space 12288K,  13% used [0x1f010000, 0x1f1ac3d0, 0x1f1ac400, 0x1fc10000)
No shared spaces configured.

Card table byte_map: [0x04670000,0x04720000] byte_map_base: 0x045f7f80

Polling page: 0x00340000

Code Cache  [0x025f0000, 0x02690000, 0x045f0000)
 total_blobs=140 nmethods=18 adapters=68 free_code_cache=32148Kb largest_free_block=32919872

Compilation events (10 events):
Event: 0.216 Thread 0x04793c00   13             java.lang.String::indexOf (166 bytes)
Event: 0.217 Thread 0x04793c00 nmethod 13 0x02683748 code [0x02683860, 0x02683a90]
Event: 0.220 Thread 0x04793c00   14             java.lang.String::equals (81 bytes)
Event: 0.221 Thread 0x04793c00 nmethod 14 0x02683dc8 code [0x02683ee0, 0x02684080]
Event: 0.221 Thread 0x04793c00   15             java.lang.String::length (6 bytes)
Event: 0.221 Thread 0x04793c00 nmethod 15 0x026842c8 code [0x026843c0, 0x02684450]
Event: 0.234 Thread 0x04793c00   17   !         sun.nio.cs.ext.DoubleByte$Encoder::encodeArrayLoop (409 bytes)
Event: 0.239 Thread 0x04793c00 nmethod 17 0x02684788 code [0x02684e20, 0x02686bf4]
Event: 0.239 Thread 0x04793c00   18             sun.nio.cs.ext.DoubleByte$Encoder::encodeChar (21 bytes)
Event: 0.239 Thread 0x04793c00 nmethod 18 0x0268ac08 code [0x0268ad00, 0x0268add0]

GC Heap History (0 events):
No events

Deoptimization events (0 events):
No events

Internal exceptions (6 events):
Event: 0.041 Thread 0x008ed000 Threw 0x0f01fc70 at C:\re\jdk7u45\229\hotspot\src\share\vm\prims\jni.cpp:3991
Event: 0.215 Thread 0x008ed000 Threw 0x0f0c73f8 at C:\re\jdk7u45\229\hotspot\src\share\vm\prims\jvm.cpp:1244
Event: 0.222 Thread 0x008ed000 Threw 0x0f0ce360 at C:\re\jdk7u45\229\hotspot\src\share\vm\prims\jvm.cpp:1244
Event: 0.222 Thread 0x008ed000 Threw 0x0f0cf868 at C:\re\jdk7u45\229\hotspot\src\share\vm\prims\jvm.cpp:1244
Event: 0.229 Thread 0x008ed000 Threw 0x0f0d11c8 at C:\re\jdk7u45\229\hotspot\src\share\vm\prims\jvm.cpp:1244
Event: 0.231 Thread 0x008ed000 Threw 0x0f0d3cf0 at C:\re\jdk7u45\229\hotspot\src\share\vm\prims\jvm.cpp:1244

Events (10 events):
Event: 87.745 Executing VM operation: GetCurrentLocation
Event: 87.745 Executing VM operation: GetCurrentLocation done
Event: 87.745 Executing VM operation: ChangeSingleStep
Event: 87.745 Executing VM operation: ChangeSingleStep done
Event: 87.746 Executing VM operation: ChangeSingleStep
Event: 87.746 Executing VM operation: ChangeSingleStep done
Event: 87.759 Executing VM operation: GetOrSetLocal
Event: 87.759 Executing VM operation: GetOrSetLocal done
Event: 88.171 Executing VM operation: GetOrSetLocal
Event: 88.171 Executing VM operation: GetOrSetLocal done


Dynamic libraries:
0x00960000 - 0x0098f000 	D:\Program Files\MyEclipse Professional 2014\binary\com.sun.java.jdk7.win32.x86_1.7.0.u45\bin\javaw.exe
0x77330000 - 0x774b0000 	C:\Windows\SysWOW64\ntdll.dll
0x74bb0000 - 0x74cc0000 	C:\Windows\syswow64\kernel32.dll
0x75e20000 - 0x75e67000 	C:\Windows\syswow64\KERNELBASE.dll
0x75c80000 - 0x75d20000 	C:\Windows\syswow64\ADVAPI32.dll
0x76020000 - 0x760cc000 	C:\Windows\syswow64\msvcrt.dll
0x74da0000 - 0x74db9000 	C:\Windows\SysWOW64\sechost.dll
0x74ac0000 - 0x74bb0000 	C:\Windows\syswow64\RPCRT4.dll
0x74a10000 - 0x74a70000 	C:\Windows\syswow64\SspiCli.dll
0x74a00000 - 0x74a0c000 	C:\Windows\syswow64\CRYPTBASE.dll
0x75d20000 - 0x75e20000 	C:\Windows\syswow64\USER32.dll
0x74d10000 - 0x74da0000 	C:\Windows\syswow64\GDI32.dll
0x74cc0000 - 0x74cca000 	C:\Windows\syswow64\LPK.dll
0x75a30000 - 0x75acd000 	C:\Windows\syswow64\USP10.dll
0x70b90000 - 0x70d2e000 	C:\Windows\WinSxS\x86_microsoft.windows.common-controls_6595b64144ccf1df_6.0.7600.16661_none_420fe3fa2b8113bd\COMCTL32.dll
0x76990000 - 0x769e7000 	C:\Windows\syswow64\SHLWAPI.dll
0x769f0000 - 0x76a50000 	C:\Windows\system32\IMM32.DLL
0x760d0000 - 0x7619c000 	C:\Windows\syswow64\MSCTF.dll
0x748e0000 - 0x74909000 	C:\Windows\SysWOW64\nvinit.dll
0x0f000000 - 0x0f006000 	C:\Program Files (x86)\NVIDIA Corporation\CoProcManager\_etoured.dll
0x6f970000 - 0x6f9c3000 	C:\Program Files (x86)\NVIDIA Corporation\CoProcManager\nvd3d9wrap.dll
0x75ad0000 - 0x75c6d000 	C:\Windows\syswow64\SETUPAPI.dll
0x768d0000 - 0x768f7000 	C:\Windows\syswow64\CFGMGR32.dll
0x76840000 - 0x768cf000 	C:\Windows\syswow64\OLEAUT32.dll
0x76660000 - 0x767bc000 	C:\Windows\syswow64\ole32.dll
0x76a50000 - 0x76a62000 	C:\Windows\syswow64\DEVOBJ.dll
0x6f930000 - 0x6f96b000 	C:\Program Files (x86)\NVIDIA Corporation\CoProcManager\nvdxgiwrap.dll
0x665b0000 - 0x6666f000 	D:\Program Files\MyEclipse Professional 2014\binary\com.sun.java.jdk7.win32.x86_1.7.0.u45\jre\bin\msvcr100.dll
0x58b10000 - 0x58e90000 	D:\Program Files\MyEclipse Professional 2014\binary\com.sun.java.jdk7.win32.x86_1.7.0.u45\jre\bin\client\jvm.dll
0x5a240000 - 0x5a247000 	C:\Windows\system32\WSOCK32.dll
0x74cd0000 - 0x74d05000 	C:\Windows\syswow64\WS2_32.dll
0x74dc0000 - 0x74dc6000 	C:\Windows\syswow64\NSI.dll
0x740e0000 - 0x74112000 	C:\Windows\system32\WINMM.dll
0x75c70000 - 0x75c75000 	C:\Windows\syswow64\PSAPI.DLL
0x71610000 - 0x7161c000 	D:\Program Files\MyEclipse Professional 2014\binary\com.sun.java.jdk7.win32.x86_1.7.0.u45\jre\bin\verify.dll
0x6d6c0000 - 0x6d6e0000 	D:\Program Files\MyEclipse Professional 2014\binary\com.sun.java.jdk7.win32.x86_1.7.0.u45\jre\bin\java.dll
0x6dcf0000 - 0x6dd1a000 	D:\Program Files\MyEclipse Professional 2014\binary\com.sun.java.jdk7.win32.x86_1.7.0.u45\jre\bin\jdwp.dll
0x6f820000 - 0x6f827000 	D:\Program Files\MyEclipse Professional 2014\binary\com.sun.java.jdk7.win32.x86_1.7.0.u45\jre\bin\npt.dll
0x6d680000 - 0x6d693000 	D:\Program Files\MyEclipse Professional 2014\binary\com.sun.java.jdk7.win32.x86_1.7.0.u45\jre\bin\zip.dll
0x6f810000 - 0x6f818000 	D:\Program Files\MyEclipse Professional 2014\binary\com.sun.java.jdk7.win32.x86_1.7.0.u45\jre\bin\dt_socket.dll
0x73ae0000 - 0x73af0000 	C:\Windows\system32\NLAapi.dll
0x73aa0000 - 0x73adc000 	C:\Windows\System32\mswsock.dll
0x73af0000 - 0x73b34000 	C:\Windows\system32\DNSAPI.dll
0x73a90000 - 0x73a98000 	C:\Windows\System32\winrnr.dll
0x73a80000 - 0x73a90000 	C:\Windows\system32\napinsp.dll
0x73a60000 - 0x73a72000 	C:\Windows\system32\pnrpnsp.dll
0x73a30000 - 0x73a51000 	C:\Program Files (x86)\Bonjour\mdnsNSP.dll
0x747d0000 - 0x747ec000 	C:\Windows\system32\Iphlpapi.DLL
0x747c0000 - 0x747c7000 	C:\Windows\system32\WINNSI.DLL
0x04920000 - 0x04958000 	C:\Windows\System32\fwpuclnt.dll
0x73a20000 - 0x73a26000 	C:\Windows\system32\rasadhlp.dll
0x72f20000 - 0x72f25000 	C:\Windows\System32\wshtcpip.dll
0x71240000 - 0x7132b000 	C:\Windows\system32\dbghelp.dll

VM Arguments:
jvm_args: -agentlib:jdwp=transport=dt_socket,suspend=y,address=localhost:10347 -Dfile.encoding=GBK 
java_command: test.StandardTrie
Launcher Type: SUN_STANDARD

Environment Variables:
JAVA_HOME=D:\Program Files (x86)\Java\jdk1.7.0_51
CLASSPATH=.;.;D:\PROGRA~1\JMF21~1.1E\lib\sound.jar;D:\PROGRA~1\JMF21~1.1E\lib\jmf.jar;D:\PROGRA~1\JMF21~1.1E\lib;D:\Program Files (x86)\Java\jdk1.7.0_51\lib;D:\Program Files (x86)\Java\jdk1.7.0_51\lib\tools.jar
PATH=D:\Program Files\MyEclipse Professional 2014\binary\com.sun.java.jdk7.win32.x86_1.7.0.u45\jre\bin;D:/Program Files/MyEclipse Professional 2014/binary/com.sun.java.jdk7.win32.x86_1.7.0.u45/jre/bin/client;D:/Program Files/MyEclipse Professional 2014/binary/com.sun.java.jdk7.win32.x86_1.7.0.u45/jre/bin;D:/Program Files/MyEclipse Professional 2014/binary/com.sun.java.jdk7.win32.x86_1.7.0.u45/jre/lib/i386;C:\ProgramData\Oracle\Java\javapath;C:\Program Files (x86)\NVIDIA Corporation\PhysX\Common;C:\Program Files (x86)\Intel\iCLS Client\;C:\Program Files\Intel\iCLS Client\;C:\Windows\system32;C:\Windows;C:\Windows\System32\Wbem;C:\Windows\System32\WindowsPowerShell\v1.0\;C:\Program Files (x86)\Intel\OpenCL SDK\2.0\bin\x86;C:\Program Files (x86)\Intel\OpenCL SDK\2.0\bin\x64;D:\Program Files\MATLAB\R2011a\runtime\win64;D:\Program Files\MATLAB\R2011a\bin;QUARTUS_ROOTDIR\bin;C:\Program Files (x86)\Microsoft SQL Server\100\Tools\Binn\;C:\Program Files\Microsoft SQL Server\100\Tools\Binn\;C:\Program Files\Microsoft SQL Server\100\DTS\Binn\;D:Program Files\mysql-5.6.17-win32\bin;D:\Program Files (x86)\Java\jdk1.7.0_51\bin;D:\Program Files (x86)\Java\jdk1.7.0_51\jre7\bin;d:\Program Files (x86)\MaShang6\bin
USERNAME=Ivar
OS=Windows_NT
PROCESSOR_IDENTIFIER=Intel64 Family 6 Model 42 Stepping 7, GenuineIntel



---------------  S Y S T E M  ---------------

OS: Windows 7 , 64 bit Build 7600 

CPU:total 4 (2 cores per cpu, 2 threads per core) family 6 model 42 stepping 7, cmov, cx8, fxsr, mmx, sse, sse2, sse3, ssse3, sse4.1, sse4.2, popcnt, ht, tsc, tscinvbit

Memory: 4k page, physical 4042608k(1035236k free), swap 8083308k(2916096k free)

vm_info: Java HotSpot(TM) Client VM (24.45-b08) for windows-x86 JRE (1.7.0_45-b18), built on Oct  8 2013 06:02:43 by "java_re" with unknown MS VC++:1600

time: Fri Mar 13 22:21:36 2015
elapsed time: 88 seconds

